
 ⛅️ wrangler 4.72.0
───────────────────
No Functions. Shimming...
Your Worker has access to the following bindings:
Binding                                                                   Resource                  Mode
env.KV (your-kv-preview-id)                                               KV Namespace              local
env.DB (docusentinel-pro)                                                 D1 Database               local
env.docusentinel-pro (local-docusentinel-pro)                             D1 Database               local
env.R2 (docusentinel-pro-bucket)                                          R2 Bucket                 local
env.CF_PAGES ("1")                                                        Environment Variable      local
env.CF_PAGES_BRANCH ("main")                                              Environment Variable      local
env.CF_PAGES_COMMIT_SHA ("c689991dca0ffe234732d004270b203ac6606...")      Environment Variable      local
env.CF_PAGES_URL ("https://c689991.docusentinel-pro.page...")             Environment Variable      local

⎔ Starting local server...
[wrangler:info] Ready on http://0.0.0.0:3000
[wrangler:info] - http://127.0.0.1:3000
[wrangler:info] - http://169.254.0.21:3000
[wrangler:info] HEAD / 404 Not Found (25ms)
[wrangler:info] GET /health 404 Not Found (11ms)
[wrangler:info] GET / 404 Not Found (12ms)
[wrangler:info] GET /health 404 Not Found (11ms)
[wrangler:info] GET / 404 Not Found (12ms)
[wrangler:info] HEAD / 404 Not Found (15ms)
[wrangler:info] GET / 404 Not Found (16ms)
[wrangler:info] HEAD / 404 Not Found (13ms)
[wrangler:info] GET / 404 Not Found (12ms)
[wrangler:info] HEAD / 404 Not Found (10ms)
[wrangler:info] HEAD / 404 Not Found (9ms)
[wrangler:info] GET / 404 Not Found (12ms)
[wrangler:info] HEAD / 404 Not Found (12ms)
[wrangler:info] GET / 404 Not Found (14ms)
[wrangler:info] HEAD / 404 Not Found (11ms)
[wrangler:info] GET / 404 Not Found (17ms)
[wrangler:info] HEAD / 404 Not Found (11ms)
[wrangler:info] GET / 404 Not Found (11ms)
[wrangler:info] HEAD / 404 Not Found (12ms)
[wrangler:info] GET / 404 Not Found (14ms)
[wrangler:info] HEAD / 404 Not Found (11ms)
[wrangler:info] GET / 404 Not Found (13ms)
Your Worker has access to the following bindings:
Binding                                                                   Resource                  Mode
env.docusentinel-pro (local-docusentinel-pro)                             D1 Database               local
env.CF_PAGES ("1")                                                        Environment Variable      local
env.CF_PAGES_BRANCH ("main")                                              Environment Variable      local
env.CF_PAGES_COMMIT_SHA ("c689991dca0ffe234732d004270b203ac6606...")      Environment Variable      local
env.CF_PAGES_URL ("https://c689991.docusentinel-pro.page...")             Environment Variable      local

⎔ Reloading local server...
⎔ Local server updated and ready
Your Worker has access to the following bindings:
Binding                                                                   Resource                  Mode
env.docusentinel-pro (local-docusentinel-pro)                             D1 Database               local
env.CF_PAGES ("1")                                                        Environment Variable      local
env.CF_PAGES_BRANCH ("main")                                              Environment Variable      local
env.CF_PAGES_COMMIT_SHA ("c689991dca0ffe234732d004270b203ac6606...")      Environment Variable      local
env.CF_PAGES_URL ("https://c689991.docusentinel-pro.page...")             Environment Variable      local

⎔ Reloading local server...
⎔ Local server updated and ready
[wrangler:info] GET /api/health 404 Not Found (18ms)
[wrangler:info] HEAD / 404 Not Found (10ms)
[wrangler:info] GET / 404 Not Found (15ms)
[wrangler:info] GET / 404 Not Found (13ms)
[wrangler:info] HEAD / 404 Not Found (11ms)
[wrangler:info] GET / 404 Not Found (11ms)
[wrangler:info] GET / 404 Not Found (12ms)
Your Worker has access to the following bindings:
Binding                                                                   Resource                  Mode
env.docusentinel-pro (local-docusentinel-pro)                             D1 Database               local
env.CF_PAGES ("1")                                                        Environment Variable      local
env.CF_PAGES_BRANCH ("main")                                              Environment Variable      local
env.CF_PAGES_COMMIT_SHA ("c689991dca0ffe234732d004270b203ac6606...")      Environment Variable      local
env.CF_PAGES_URL ("https://c689991.docusentinel-pro.page...")             Environment Variable      local

⎔ Reloading local server...
⎔ Local server updated and ready
[wrangler:info] GET /api/health 404 Not Found (14ms)
[wrangler:info] GET /api/docs 404 Not Found (10ms)
[wrangler:info] HEAD / 404 Not Found (12ms)
[wrangler:info] GET / 404 Not Found (11ms)
[wrangler:info] GET / 404 Not Found (14ms)
[wrangler:info] GET / 404 Not Found (11ms)
[wrangler:info] GET /api/docs 404 Not Found (14ms)
[wrangler:info] GET / 404 Not Found (12ms)
⎔ Reloading local server...
⎔ Local server updated and ready
[wrangler:info] HEAD / 200 OK (35ms)
[wrangler:info] GET / 200 OK (26ms)
[wrangler:info] HEAD / 200 OK (25ms)
[wrangler:info] GET / 200 OK (17ms)
[wrangler:info] HEAD / 200 OK (12ms)
[wrangler:info] GET / 200 OK (16ms)
[wrangler:info] HEAD / 200 OK (34ms)
[wrangler:info] GET / 200 OK (19ms)
[wrangler:info] HEAD / 200 OK (17ms)
[wrangler:info] GET / 200 OK (18ms)
[wrangler:info] HEAD / 200 OK (15ms)
[wrangler:info] GET / 200 OK (17ms)
[wrangler:info] HEAD / 200 OK (11ms)
[wrangler:info] GET / 200 OK (12ms)
[wrangler:info] HEAD / 200 OK (27ms)
[wrangler:info] GET / 200 OK (14ms)
[wrangler:info] HEAD / 200 OK (23ms)
[wrangler:info] HEAD / 200 OK (11ms)
[wrangler:info] GET / 200 OK (30ms)
[wrangler:info] HEAD / 200 OK (10ms)
[wrangler:info] GET / 200 OK (15ms)

 ⛅️ wrangler 4.72.0 (update available 4.73.0)
─────────────────────────────────────────────
No Functions. Shimming...
Using secrets defined in .env
Your Worker has access to the following bindings:
Binding                                                                   Resource                  Mode
env.docusentinel-pro (local-docusentinel-pro)                             D1 Database               local
env.CF_PAGES ("1")                                                        Environment Variable      local
env.CF_PAGES_BRANCH ("main")                                              Environment Variable      local
env.CF_PAGES_COMMIT_SHA ("2e8b4c764ef0614802da75b402f121272238b...")      Environment Variable      local
env.CF_PAGES_URL ("https://2e8b4c7.docusentinel-pro.page...")             Environment Variable      local
env.NODE_ENV ("(hidden)")                                                 Environment Variable      local
env.JWT_SECRET ("(hidden)")                                               Environment Variable      local
env.ENCRYPTION_KEY ("(hidden)")                                           Environment Variable      local
env.DATABASE_URL ("(hidden)")                                             Environment Variable      local
env.CORS_ORIGIN ("(hidden)")                                              Environment Variable      local
env.MAX_FILE_SIZE ("(hidden)")                                            Environment Variable      local

⎔ Starting local server...
[wrangler:info] Ready on http://0.0.0.0:3000
[wrangler:info] - http://127.0.0.1:3000
[wrangler:info] - http://169.254.0.21:3000
[wrangler:info] GET / 200 OK (39ms)
[wrangler:info] HEAD / 200 OK (25ms)
[wrangler:info] GET / 200 OK (20ms)
[wrangler:info] GET / 200 OK (20ms)
[wrangler:info] GET /static/styles.css 200 OK (21ms)
[wrangler:info] GET / 200 OK (15ms)

 ⛅️ wrangler 4.72.0 (update available 4.73.0)
─────────────────────────────────────────────
No Functions. Shimming...
Using secrets defined in .env
Your Worker has access to the following bindings:
Binding                                                                   Resource                  Mode
env.docusentinel-pro (local-docusentinel-pro)                             D1 Database               local
env.CF_PAGES ("1")                                                        Environment Variable      local
env.CF_PAGES_BRANCH ("main")                                              Environment Variable      local
env.CF_PAGES_COMMIT_SHA ("2e8b4c764ef0614802da75b402f121272238b...")      Environment Variable      local
env.CF_PAGES_URL ("https://2e8b4c7.docusentinel-pro.page...")             Environment Variable      local
env.NODE_ENV ("(hidden)")                                                 Environment Variable      local
env.JWT_SECRET ("(hidden)")                                               Environment Variable      local
env.ENCRYPTION_KEY ("(hidden)")                                           Environment Variable      local
env.DATABASE_URL ("(hidden)")                                             Environment Variable      local
env.CORS_ORIGIN ("(hidden)")                                              Environment Variable      local
env.MAX_FILE_SIZE ("(hidden)")                                            Environment Variable      local

⎔ Starting local server...
[wrangler:info] Ready on http://0.0.0.0:3000
[wrangler:info] - http://127.0.0.1:3000
[wrangler:info] - http://169.254.0.21:3000
[wrangler:info] GET / 404 Not Found (28ms)
[wrangler:info] GET / 404 Not Found (9ms)
[wrangler:info] GET / 404 Not Found (10ms)
[wrangler:info] GET /static/styles.css 200 OK (30ms)
[wrangler:info] HEAD / 404 Not Found (16ms)
[wrangler:info] GET / 404 Not Found (13ms)
[wrangler:info] GET / 404 Not Found (16ms)
[wrangler:info] GET / 404 Not Found (14ms)
[wrangler:info] GET / 404 Not Found (15ms)
[wrangler:info] GET / 404 Not Found (14ms)
