2026-03-11T13:12:37: PM2 log: ===============================================================================
2026-03-11T13:12:37: PM2 log: --- New PM2 Daemon started ----------------------------------------------------
2026-03-11T13:12:37: PM2 log: Time                 : Wed Mar 11 2026 13:12:37 GMT+0000 (Coordinated Universal Time)
2026-03-11T13:12:37: PM2 log: PM2 version          : 6.0.14
2026-03-11T13:12:37: PM2 log: Node.js version      : 20.19.6
2026-03-11T13:12:37: PM2 log: Current arch         : x64
2026-03-11T13:12:37: PM2 log: PM2 home             : /home/user/.pm2
2026-03-11T13:12:37: PM2 log: PM2 PID file         : /home/user/.pm2/pm2.pid
2026-03-11T13:12:37: PM2 log: RPC socket file      : /home/user/.pm2/rpc.sock
2026-03-11T13:12:37: PM2 log: BUS socket file      : /home/user/.pm2/pub.sock
2026-03-11T13:12:37: PM2 log: Application log path : /home/user/.pm2/logs
2026-03-11T13:12:37: PM2 log: Worker Interval      : 30000
2026-03-11T13:12:37: PM2 log: Process dump file    : /home/user/.pm2/dump.pm2
2026-03-11T13:12:37: PM2 log: Concurrent actions   : 2
2026-03-11T13:12:37: PM2 log: SIGTERM timeout      : 1600
2026-03-11T13:12:37: PM2 log: Runtime Binary       : /usr/bin/node
2026-03-11T13:12:37: PM2 log: ===============================================================================
2026-03-11T13:12:39: PM2 log: App [docusentinel-pro:0] starting in -fork mode-
2026-03-11T13:12:39: PM2 log: App [docusentinel-pro:0] online
2026-03-13T12:54:51: PM2 log: Stopping app:docusentinel-pro id:0
2026-03-13T12:54:51: PM2 log: App [docusentinel-pro:0] exited with code [0] via signal [SIGINT]
2026-03-13T12:54:51: PM2 log: pid=1484 msg=process killed
2026-03-13T12:55:07: PM2 log: App [docusentinel-pro:0] starting in -fork mode-
2026-03-13T12:55:07: PM2 log: App [docusentinel-pro:0] online
2026-03-13T12:58:02: PM2 log: Stopping app:docusentinel-pro id:0
2026-03-13T12:58:02: PM2 log: App [docusentinel-pro:0] exited with code [0] via signal [SIGINT]
2026-03-13T12:58:02: PM2 log: pid=4956 msg=process killed
2026-03-13T12:58:02: PM2 log: App [docusentinel-pro:0] starting in -fork mode-
2026-03-13T12:58:02: PM2 log: App [docusentinel-pro:0] online
