
--- 2026-03-11T14:22:18.123Z debug
🪵  Writing logs to "/home/user/.config/.wrangler/logs/wrangler-2026-03-11_14-22-17_700.log"
---

--- 2026-03-11T14:22:18.123Z debug
.env file not found at "/home/user/webapp/.env". Continuing... For more details, refer to https://developers.cloudflare.com/workers/wrangler/system-environment-variables/
---

--- 2026-03-11T14:22:18.124Z debug
.env file not found at "/home/user/webapp/.env.local". Continuing... For more details, refer to https://developers.cloudflare.com/workers/wrangler/system-environment-variables/
---

--- 2026-03-11T14:22:18.133Z log

 ⛅️ wrangler 4.72.0
───────────────────
---

--- 2026-03-11T14:22:18.157Z debug
Metrics dispatcher: Posting data {"deviceId":"438f7a03-a6d1-4b71-8b1d-beb69a723d8a","event":"wrangler command started","timestamp":1773238938157,"properties":{"amplitude_session_id":1773238938151,"amplitude_event_id":0,"wranglerVersion":"4.72.0","wranglerMajorVersion":4,"wranglerMinorVersion":72,"wranglerPatchVersion":0,"osPlatform":"Linux","osVersion":"#1 SMP PREEMPT_DYNAMIC Thu May 29 17:08:06 CST 2025","nodeVersion":20,"packageManager":"npm","isFirstUsage":false,"configFileType":"jsonc","isCI":false,"isPagesCI":false,"isWorkersCI":false,"isInteractive":false,"hasAssets":false,"agent":null,"argsUsed":[],"argsCombination":"","sanitizedCommand":"whoami","sanitizedArgs":{}}}
---

--- 2026-03-11T14:22:18.206Z log
Getting User settings...
---

--- 2026-03-11T14:22:18.263Z debug
-- START CF API REQUEST: GET https://api.cloudflare.com/client/v4/user/tokens/verify
---

--- 2026-03-11T14:22:18.263Z debug
QUERY STRING: omitted; set WRANGLER_LOG_SANITIZE=false to include sanitized data
---

--- 2026-03-11T14:22:18.264Z debug
HEADERS: omitted; set WRANGLER_LOG_SANITIZE=false to include sanitized data
---

--- 2026-03-11T14:22:18.264Z debug
INIT: omitted; set WRANGLER_LOG_SANITIZE=false to include sanitized data
---

--- 2026-03-11T14:22:18.264Z debug
-- END CF API REQUEST
---

--- 2026-03-11T14:22:18.356Z debug
Metrics dispatcher: Failed to send request: Too Many Requests
---

--- 2026-03-11T14:22:18.470Z debug
-- START CF API RESPONSE: Unauthorized 401
---

--- 2026-03-11T14:22:18.471Z debug
HEADERS: omitted; set WRANGLER_LOG_SANITIZE=false to include sanitized data
---

--- 2026-03-11T14:22:18.471Z debug
RESPONSE: omitted; set WRANGLER_LOG_SANITIZE=false to include sanitized data
---

--- 2026-03-11T14:22:18.471Z debug
-- END CF API RESPONSE
---

--- 2026-03-11T14:22:18.474Z debug
-- START CF API REQUEST: GET https://api.cloudflare.com/client/v4/user
---

--- 2026-03-11T14:22:18.474Z debug
QUERY STRING: omitted; set WRANGLER_LOG_SANITIZE=false to include sanitized data
---

--- 2026-03-11T14:22:18.475Z debug
HEADERS: omitted; set WRANGLER_LOG_SANITIZE=false to include sanitized data
---

--- 2026-03-11T14:22:18.475Z debug
INIT: omitted; set WRANGLER_LOG_SANITIZE=false to include sanitized data
---

--- 2026-03-11T14:22:18.475Z debug
-- END CF API REQUEST
---

--- 2026-03-11T14:22:19.343Z debug
-- START CF API RESPONSE: Forbidden 403
---

--- 2026-03-11T14:22:19.344Z debug
HEADERS: omitted; set WRANGLER_LOG_SANITIZE=false to include sanitized data
---

--- 2026-03-11T14:22:19.344Z debug
RESPONSE: omitted; set WRANGLER_LOG_SANITIZE=false to include sanitized data
---

--- 2026-03-11T14:22:19.344Z debug
-- END CF API RESPONSE
---

--- 2026-03-11T14:22:19.347Z debug
-- START CF API REQUEST: GET https://api.cloudflare.com/client/v4/accounts
---

--- 2026-03-11T14:22:19.347Z debug
QUERY STRING: omitted; set WRANGLER_LOG_SANITIZE=false to include sanitized data
---

--- 2026-03-11T14:22:19.347Z debug
HEADERS: omitted; set WRANGLER_LOG_SANITIZE=false to include sanitized data
---

--- 2026-03-11T14:22:19.347Z debug
INIT: omitted; set WRANGLER_LOG_SANITIZE=false to include sanitized data
---

--- 2026-03-11T14:22:19.347Z debug
-- END CF API REQUEST
---

--- 2026-03-11T14:22:19.549Z debug
-- START CF API RESPONSE: OK 200
---

--- 2026-03-11T14:22:19.550Z debug
HEADERS: omitted; set WRANGLER_LOG_SANITIZE=false to include sanitized data
---

--- 2026-03-11T14:22:19.550Z debug
RESPONSE: omitted; set WRANGLER_LOG_SANITIZE=false to include sanitized data
---

--- 2026-03-11T14:22:19.550Z debug
-- END CF API RESPONSE
---

--- 2026-03-11T14:22:19.551Z log
👋 You are logged in with an Account API Token, associated with the account Rauldiazespejo@gmail.com's Account.
---

--- 2026-03-11T14:22:19.551Z log
ℹ️  The API Token is read from the CLOUDFLARE_API_TOKEN environment variable.
---

--- 2026-03-11T14:22:19.566Z log
┌────────────────────────────────────┬──────────────────────────────────┐
│ Account Name                       │ Account ID                       │
├────────────────────────────────────┼──────────────────────────────────┤
│ Rauldiazespejo@gmail.com's Account │ 260115dd31e5efbd50ec938beedec2ff │
└────────────────────────────────────┴──────────────────────────────────┘
---

--- 2026-03-11T14:22:19.567Z log
🔓 To see token permissions visit https://dash.cloudflare.com/260115dd31e5efbd50ec938beedec2ff/api-tokens.
---

--- 2026-03-11T14:22:19.569Z debug
Metrics dispatcher: Posting data {"deviceId":"438f7a03-a6d1-4b71-8b1d-beb69a723d8a","event":"view accounts","timestamp":1773238939569,"properties":{"amplitude_session_id":1773238939567,"amplitude_event_id":0,"wranglerVersion":"4.72.0","wranglerMajorVersion":4,"wranglerMinorVersion":72,"wranglerPatchVersion":0,"osPlatform":"Linux","osVersion":"#1 SMP PREEMPT_DYNAMIC Thu May 29 17:08:06 CST 2025","nodeVersion":20,"packageManager":"npm","isFirstUsage":false,"configFileType":"none","isCI":false,"isPagesCI":false,"isWorkersCI":false,"isInteractive":false,"hasAssets":false,"agent":null,"category":"Workers","os":"linux:x64"}}
---

--- 2026-03-11T14:22:19.572Z debug
Metrics dispatcher: Posting data {"deviceId":"438f7a03-a6d1-4b71-8b1d-beb69a723d8a","event":"wrangler command completed","timestamp":1773238939572,"properties":{"amplitude_session_id":1773238938151,"amplitude_event_id":1,"wranglerVersion":"4.72.0","wranglerMajorVersion":4,"wranglerMinorVersion":72,"wranglerPatchVersion":0,"osPlatform":"Linux","osVersion":"#1 SMP PREEMPT_DYNAMIC Thu May 29 17:08:06 CST 2025","nodeVersion":20,"packageManager":"npm","isFirstUsage":false,"configFileType":"jsonc","isCI":false,"isPagesCI":false,"isWorkersCI":false,"isInteractive":false,"hasAssets":false,"agent":null,"argsUsed":[],"argsCombination":"","sanitizedCommand":"whoami","sanitizedArgs":{},"durationMs":1447}}
---

--- 2026-03-11T14:22:19.601Z debug
Metrics dispatcher: Failed to send request: Too Many Requests
---

--- 2026-03-11T14:22:19.616Z debug
Metrics dispatcher: Failed to send request: Too Many Requests
---
