
--- 2026-03-11T14:37:36.737Z debug
🪵  Writing logs to "/home/user/.config/.wrangler/logs/wrangler-2026-03-11_14-37-36_435.log"
---

--- 2026-03-11T14:37:36.737Z debug
.env file not found at "/home/user/webapp/.env". Continuing... For more details, refer to https://developers.cloudflare.com/workers/wrangler/system-environment-variables/
---

--- 2026-03-11T14:37:36.738Z debug
.env file not found at "/home/user/webapp/.env.local". Continuing... For more details, refer to https://developers.cloudflare.com/workers/wrangler/system-environment-variables/
---

--- 2026-03-11T14:37:36.747Z log

 ⛅️ wrangler 4.72.0
───────────────────
---

--- 2026-03-11T14:37:36.756Z debug
Metrics dispatcher: Posting data {"deviceId":"438f7a03-a6d1-4b71-8b1d-beb69a723d8a","event":"wrangler command started","timestamp":1773239856756,"properties":{"amplitude_session_id":1773239856754,"amplitude_event_id":0,"wranglerVersion":"4.72.0","wranglerMajorVersion":4,"wranglerMinorVersion":72,"wranglerPatchVersion":0,"osPlatform":"Linux","osVersion":"#1 SMP PREEMPT_DYNAMIC Thu May 29 17:08:06 CST 2025","nodeVersion":20,"packageManager":"npm","isFirstUsage":false,"configFileType":"jsonc","isCI":false,"isPagesCI":false,"isWorkersCI":false,"isInteractive":false,"hasAssets":false,"agent":null,"argsUsed":[],"argsCombination":"","sanitizedCommand":"whoami","sanitizedArgs":{}}}
---

--- 2026-03-11T14:37:36.776Z log
Getting User settings...
---

--- 2026-03-11T14:37:36.817Z debug
-- START CF API REQUEST: GET https://api.cloudflare.com/client/v4/user/tokens/verify
---

--- 2026-03-11T14:37:36.817Z debug
QUERY STRING: omitted; set WRANGLER_LOG_SANITIZE=false to include sanitized data
---

--- 2026-03-11T14:37:36.817Z debug
HEADERS: omitted; set WRANGLER_LOG_SANITIZE=false to include sanitized data
---

--- 2026-03-11T14:37:36.817Z debug
INIT: omitted; set WRANGLER_LOG_SANITIZE=false to include sanitized data
---

--- 2026-03-11T14:37:36.817Z debug
-- END CF API REQUEST
---

--- 2026-03-11T14:37:36.889Z debug
Metrics dispatcher: Failed to send request: Too Many Requests
---

--- 2026-03-11T14:37:37.007Z debug
-- START CF API RESPONSE: Unauthorized 401
---

--- 2026-03-11T14:37:37.008Z debug
HEADERS: omitted; set WRANGLER_LOG_SANITIZE=false to include sanitized data
---

--- 2026-03-11T14:37:37.008Z debug
RESPONSE: omitted; set WRANGLER_LOG_SANITIZE=false to include sanitized data
---

--- 2026-03-11T14:37:37.008Z debug
-- END CF API RESPONSE
---

--- 2026-03-11T14:37:37.011Z debug
-- START CF API REQUEST: GET https://api.cloudflare.com/client/v4/user
---

--- 2026-03-11T14:37:37.011Z debug
QUERY STRING: omitted; set WRANGLER_LOG_SANITIZE=false to include sanitized data
---

--- 2026-03-11T14:37:37.012Z debug
HEADERS: omitted; set WRANGLER_LOG_SANITIZE=false to include sanitized data
---

--- 2026-03-11T14:37:37.012Z debug
INIT: omitted; set WRANGLER_LOG_SANITIZE=false to include sanitized data
---

--- 2026-03-11T14:37:37.012Z debug
-- END CF API REQUEST
---

--- 2026-03-11T14:37:37.840Z debug
-- START CF API RESPONSE: Forbidden 403
---

--- 2026-03-11T14:37:37.840Z debug
HEADERS: omitted; set WRANGLER_LOG_SANITIZE=false to include sanitized data
---

--- 2026-03-11T14:37:37.841Z debug
RESPONSE: omitted; set WRANGLER_LOG_SANITIZE=false to include sanitized data
---

--- 2026-03-11T14:37:37.841Z debug
-- END CF API RESPONSE
---

--- 2026-03-11T14:37:37.843Z debug
-- START CF API REQUEST: GET https://api.cloudflare.com/client/v4/accounts
---

--- 2026-03-11T14:37:37.843Z debug
QUERY STRING: omitted; set WRANGLER_LOG_SANITIZE=false to include sanitized data
---

--- 2026-03-11T14:37:37.847Z debug
HEADERS: omitted; set WRANGLER_LOG_SANITIZE=false to include sanitized data
---

--- 2026-03-11T14:37:37.847Z debug
INIT: omitted; set WRANGLER_LOG_SANITIZE=false to include sanitized data
---

--- 2026-03-11T14:37:37.847Z debug
-- END CF API REQUEST
---

--- 2026-03-11T14:37:38.036Z debug
-- START CF API RESPONSE: OK 200
---

--- 2026-03-11T14:37:38.036Z debug
HEADERS: omitted; set WRANGLER_LOG_SANITIZE=false to include sanitized data
---

--- 2026-03-11T14:37:38.037Z debug
RESPONSE: omitted; set WRANGLER_LOG_SANITIZE=false to include sanitized data
---

--- 2026-03-11T14:37:38.037Z debug
-- END CF API RESPONSE
---

--- 2026-03-11T14:37:38.039Z log
👋 You are logged in with an Account API Token, associated with the account Rauldiazespejo@gmail.com's Account.
---

--- 2026-03-11T14:37:38.039Z log
ℹ️  The API Token is read from the CLOUDFLARE_API_TOKEN environment variable.
---

--- 2026-03-11T14:37:38.056Z log
┌────────────────────────────────────┬──────────────────────────────────┐
│ Account Name                       │ Account ID                       │
├────────────────────────────────────┼──────────────────────────────────┤
│ Rauldiazespejo@gmail.com's Account │ 260115dd31e5efbd50ec938beedec2ff │
└────────────────────────────────────┴──────────────────────────────────┘
---

--- 2026-03-11T14:37:38.057Z log
🔓 To see token permissions visit https://dash.cloudflare.com/260115dd31e5efbd50ec938beedec2ff/api-tokens.
---

--- 2026-03-11T14:37:38.059Z debug
Metrics dispatcher: Posting data {"deviceId":"438f7a03-a6d1-4b71-8b1d-beb69a723d8a","event":"view accounts","timestamp":1773239858059,"properties":{"amplitude_session_id":1773239858058,"amplitude_event_id":0,"wranglerVersion":"4.72.0","wranglerMajorVersion":4,"wranglerMinorVersion":72,"wranglerPatchVersion":0,"osPlatform":"Linux","osVersion":"#1 SMP PREEMPT_DYNAMIC Thu May 29 17:08:06 CST 2025","nodeVersion":20,"packageManager":"npm","isFirstUsage":false,"configFileType":"none","isCI":false,"isPagesCI":false,"isWorkersCI":false,"isInteractive":false,"hasAssets":false,"agent":null,"category":"Workers","os":"linux:x64"}}
---

--- 2026-03-11T14:37:38.063Z debug
Metrics dispatcher: Posting data {"deviceId":"438f7a03-a6d1-4b71-8b1d-beb69a723d8a","event":"wrangler command completed","timestamp":1773239858063,"properties":{"amplitude_session_id":1773239856754,"amplitude_event_id":1,"wranglerVersion":"4.72.0","wranglerMajorVersion":4,"wranglerMinorVersion":72,"wranglerPatchVersion":0,"osPlatform":"Linux","osVersion":"#1 SMP PREEMPT_DYNAMIC Thu May 29 17:08:06 CST 2025","nodeVersion":20,"packageManager":"npm","isFirstUsage":false,"configFileType":"jsonc","isCI":false,"isPagesCI":false,"isWorkersCI":false,"isInteractive":false,"hasAssets":false,"agent":null,"argsUsed":[],"argsCombination":"","sanitizedCommand":"whoami","sanitizedArgs":{},"durationMs":1323}}
---

--- 2026-03-11T14:37:38.100Z debug
Metrics dispatcher: Failed to send request: Too Many Requests
---

--- 2026-03-11T14:37:38.164Z debug
Metrics dispatcher: Failed to send request: Too Many Requests
---
