
--- 2026-03-11T13:11:09.458Z debug
🪵  Writing logs to "/home/user/.config/.wrangler/logs/wrangler-2026-03-11_13-11-09_054.log"
---

--- 2026-03-11T13:11:09.458Z debug
Metrics dispatcher: Posting data {"deviceId":"438f7a03-a6d1-4b71-8b1d-beb69a723d8a","event":"wrangler command started","timestamp":1773234669458,"properties":{"amplitude_session_id":1773234669454,"amplitude_event_id":0,"wranglerVersion":"4.52.1","osPlatform":"Linux","osVersion":"#1 SMP PREEMPT_DYNAMIC Thu May 29 17:08:06 CST 2025","nodeVersion":20,"packageManager":"npm","isFirstUsage":true,"configFileType":"none","isCI":false,"isPagesCI":false,"isWorkersCI":false,"isInteractive":false,"hasAssets":false,"argsUsed":["local"],"argsCombination":"local","command":"wrangler d1 migrations apply","args":{}}}
---

--- 2026-03-11T13:11:09.476Z debug
.env file not found at "/home/user/.env". Continuing... For more details, refer to https://developers.cloudflare.com/workers/wrangler/system-environment-variables/
---

--- 2026-03-11T13:11:09.476Z debug
.env file not found at "/home/user/.env.local". Continuing... For more details, refer to https://developers.cloudflare.com/workers/wrangler/system-environment-variables/
---

--- 2026-03-11T13:11:09.624Z debug
Metrics dispatcher: Failed to send request: Too Many Requests
---

--- 2026-03-11T13:11:10.326Z log

 ⛅️ wrangler 4.52.1 (update available 4.72.0)
─────────────────────────────────────────────
---

--- 2026-03-11T13:11:10.328Z log
Resource location: local 

---

--- 2026-03-11T13:11:10.329Z log
Use --remote if you want to access the remote instance.

---

--- 2026-03-11T13:11:10.375Z debug
Metrics dispatcher: Posting data {"deviceId":"438f7a03-a6d1-4b71-8b1d-beb69a723d8a","event":"wrangler command completed","timestamp":1773234670375,"properties":{"amplitude_session_id":1773234669454,"amplitude_event_id":1,"wranglerVersion":"4.52.1","osPlatform":"Linux","osVersion":"#1 SMP PREEMPT_DYNAMIC Thu May 29 17:08:06 CST 2025","nodeVersion":20,"packageManager":"npm","isFirstUsage":false,"configFileType":"none","isCI":false,"isPagesCI":false,"isWorkersCI":false,"isInteractive":false,"hasAssets":false,"argsUsed":["local"],"argsCombination":"local","command":"wrangler d1 migrations apply","args":{},"durationMs":956,"durationSeconds":0.956,"durationMinutes":0.015933333333333334}}
---

--- 2026-03-11T13:11:10.432Z debug
Metrics dispatcher: Failed to send request: Too Many Requests
---
