
--- 2026-03-11T14:37:41.479Z debug
🪵  Writing logs to "/home/user/.config/.wrangler/logs/wrangler-2026-03-11_14-37-41_108.log"
---

--- 2026-03-11T14:37:41.479Z debug
.env file not found at "/home/user/webapp/.env". Continuing... For more details, refer to https://developers.cloudflare.com/workers/wrangler/system-environment-variables/
---

--- 2026-03-11T14:37:41.482Z debug
.env file not found at "/home/user/webapp/.env.local". Continuing... For more details, refer to https://developers.cloudflare.com/workers/wrangler/system-environment-variables/
---

--- 2026-03-11T14:37:41.500Z log

 ⛅️ wrangler 4.72.0
───────────────────
---

--- 2026-03-11T14:37:41.507Z debug
Metrics dispatcher: Posting data {"deviceId":"438f7a03-a6d1-4b71-8b1d-beb69a723d8a","event":"wrangler command started","timestamp":1773239861507,"properties":{"amplitude_session_id":1773239861504,"amplitude_event_id":0,"wranglerVersion":"4.72.0","wranglerMajorVersion":4,"wranglerMinorVersion":72,"wranglerPatchVersion":0,"osPlatform":"Linux","osVersion":"#1 SMP PREEMPT_DYNAMIC Thu May 29 17:08:06 CST 2025","nodeVersion":20,"packageManager":"npm","isFirstUsage":false,"configFileType":"none","isCI":false,"isPagesCI":false,"isWorkersCI":false,"isInteractive":false,"hasAssets":false,"agent":null,"argsUsed":["productionBranch"],"argsCombination":"productionBranch","sanitizedCommand":"pages project create","sanitizedArgs":{}}}
---

--- 2026-03-11T14:37:41.628Z debug
-- START CF API REQUEST: GET https://api.cloudflare.com/client/v4/memberships
---

--- 2026-03-11T14:37:41.628Z debug
QUERY STRING: omitted; set WRANGLER_LOG_SANITIZE=false to include sanitized data
---

--- 2026-03-11T14:37:41.628Z debug
HEADERS: omitted; set WRANGLER_LOG_SANITIZE=false to include sanitized data
---

--- 2026-03-11T14:37:41.628Z debug
INIT: omitted; set WRANGLER_LOG_SANITIZE=false to include sanitized data
---

--- 2026-03-11T14:37:41.628Z debug
-- END CF API REQUEST
---

--- 2026-03-11T14:37:41.674Z debug
Metrics dispatcher: Failed to send request: Too Many Requests
---

--- 2026-03-11T14:37:41.823Z debug
-- START CF API RESPONSE: Bad Request 400
---

--- 2026-03-11T14:37:41.825Z debug
HEADERS: omitted; set WRANGLER_LOG_SANITIZE=false to include sanitized data
---

--- 2026-03-11T14:37:41.826Z debug
RESPONSE: omitted; set WRANGLER_LOG_SANITIZE=false to include sanitized data
---

--- 2026-03-11T14:37:41.826Z debug
-- END CF API RESPONSE
---

--- 2026-03-11T14:37:41.831Z debug
Metrics dispatcher: Posting data {"deviceId":"438f7a03-a6d1-4b71-8b1d-beb69a723d8a","event":"wrangler command errored","timestamp":1773239861831,"properties":{"amplitude_session_id":1773239861504,"amplitude_event_id":1,"wranglerVersion":"4.72.0","wranglerMajorVersion":4,"wranglerMinorVersion":72,"wranglerPatchVersion":0,"osPlatform":"Linux","osVersion":"#1 SMP PREEMPT_DYNAMIC Thu May 29 17:08:06 CST 2025","nodeVersion":20,"packageManager":"npm","isFirstUsage":false,"configFileType":"none","isCI":false,"isPagesCI":false,"isWorkersCI":false,"isInteractive":false,"hasAssets":false,"agent":null,"argsUsed":["productionBranch"],"argsCombination":"productionBranch","sanitizedCommand":"pages project create","sanitizedArgs":{},"durationMs":345,"errorType":"APIError"}}
---

--- 2026-03-11T14:37:41.834Z log

---

--- 2026-03-11T14:37:41.925Z error
✘ [ERROR] A request to the Cloudflare API (/memberships) failed.

  Authentication failed (status: 400) [code: 9106]
  
  If you think this is a bug, please open an issue at: https://github.com/cloudflare/workers-sdk/issues/new/choose


---
