
--- 2026-03-11T13:11:19.585Z debug
🪵  Writing logs to "/home/user/.config/.wrangler/logs/wrangler-2026-03-11_13-11-19_313.log"
---

--- 2026-03-11T13:11:19.585Z debug
Metrics dispatcher: Posting data {"deviceId":"438f7a03-a6d1-4b71-8b1d-beb69a723d8a","event":"wrangler command started","timestamp":1773234679585,"properties":{"amplitude_session_id":1773234679583,"amplitude_event_id":0,"wranglerVersion":"4.52.1","osPlatform":"Linux","osVersion":"#1 SMP PREEMPT_DYNAMIC Thu May 29 17:08:06 CST 2025","nodeVersion":20,"packageManager":"npm","isFirstUsage":false,"configFileType":"none","isCI":false,"isPagesCI":false,"isWorkersCI":false,"isInteractive":false,"hasAssets":false,"argsUsed":["local"],"argsCombination":"local","command":"wrangler d1 execute","args":{}}}
---

--- 2026-03-11T13:11:19.595Z debug
.env file not found at "/home/user/.env". Continuing... For more details, refer to https://developers.cloudflare.com/workers/wrangler/system-environment-variables/
---

--- 2026-03-11T13:11:19.596Z debug
.env file not found at "/home/user/.env.local". Continuing... For more details, refer to https://developers.cloudflare.com/workers/wrangler/system-environment-variables/
---

--- 2026-03-11T13:11:19.645Z log

 ⛅️ wrangler 4.52.1 (update available 4.72.0)
─────────────────────────────────────────────
---

--- 2026-03-11T13:11:19.646Z log
Resource location: local 

---

--- 2026-03-11T13:11:19.646Z log
Use --remote if you want to access the remote instance.

---

--- 2026-03-11T13:11:19.669Z log

---

--- 2026-03-11T13:11:19.741Z error
✘ [ERROR] Unable to read SQL text file "./seed.sql". Please check the file path and try again.


---

--- 2026-03-11T13:11:19.742Z debug
Error: Unable to read SQL text file "./seed.sql". Please check the file path and try again.
    at checkForSQLiteBinary (/usr/lib/node_modules/wrangler/wrangler-dist/cli.js:165764:11)
    at async executeSql (/usr/lib/node_modules/wrangler/wrangler-dist/cli.js:165459:5)
    at async Object.handler (/usr/lib/node_modules/wrangler/wrangler-dist/cli.js:165874:28)
    at async Object.handler (/usr/lib/node_modules/wrangler/wrangler-dist/cli.js:165091:7)
---

--- 2026-03-11T13:11:19.742Z debug
Metrics dispatcher: Posting data {"deviceId":"438f7a03-a6d1-4b71-8b1d-beb69a723d8a","event":"wrangler command errored","timestamp":1773234679742,"properties":{"amplitude_session_id":1773234679583,"amplitude_event_id":1,"wranglerVersion":"4.52.1","osPlatform":"Linux","osVersion":"#1 SMP PREEMPT_DYNAMIC Thu May 29 17:08:06 CST 2025","nodeVersion":20,"packageManager":"npm","isFirstUsage":false,"configFileType":"none","isCI":false,"isPagesCI":false,"isWorkersCI":false,"isInteractive":false,"hasAssets":false,"argsUsed":["local"],"argsCombination":"local","command":"wrangler d1 execute","args":{},"durationMs":186,"durationSeconds":0.186,"durationMinutes":0.0031,"errorType":"UserError"}}
---
