
--- 2026-03-11T14:23:05.437Z debug
🪵  Writing logs to "/home/user/.config/.wrangler/logs/wrangler-2026-03-11_14-23-05_044.log"
---

--- 2026-03-11T14:23:05.437Z log

Cloudflare collects anonymous telemetry about your usage of Wrangler. Learn more at https://github.com/cloudflare/workers-sdk/tree/main/packages/wrangler/telemetry.md
---

--- 2026-03-11T14:23:05.454Z debug
Metrics dispatcher: Posting data {"deviceId":"438f7a03-a6d1-4b71-8b1d-beb69a723d8a","event":"wrangler command started","timestamp":1773238985454,"properties":{"amplitude_session_id":1773238985435,"amplitude_event_id":0,"wranglerVersion":"4.52.1","osPlatform":"Linux","osVersion":"#1 SMP PREEMPT_DYNAMIC Thu May 29 17:08:06 CST 2025","nodeVersion":20,"packageManager":"npm","isFirstUsage":false,"configFileType":"jsonc","isCI":false,"isPagesCI":false,"isWorkersCI":false,"isInteractive":false,"hasAssets":false,"argsUsed":[],"argsCombination":"","command":"wrangler deploy","args":{}}}
---

--- 2026-03-11T14:23:05.488Z debug
.env file not found at "/home/user/.env". Continuing... For more details, refer to https://developers.cloudflare.com/workers/wrangler/system-environment-variables/
---

--- 2026-03-11T14:23:05.488Z debug
.env file not found at "/home/user/.env.local". Continuing... For more details, refer to https://developers.cloudflare.com/workers/wrangler/system-environment-variables/
---

--- 2026-03-11T14:23:05.587Z log

 ⛅️ wrangler 4.52.1 (update available 4.72.0)
─────────────────────────────────────────────
---

--- 2026-03-11T14:23:05.608Z log

---

--- 2026-03-11T14:23:05.719Z error
✘ [ERROR] It looks like you've run a Workers-specific command in a Pages project.

  For Pages, please run `wrangler pages deploy` instead.


---

--- 2026-03-11T14:23:05.720Z debug
Error: It looks like you've run a Workers-specific command in a Pages project.
For Pages, please run `wrangler pages deploy` instead.
    at Object.handler (/usr/lib/node_modules/wrangler/wrangler-dist/cli.js:211706:17)
    at /usr/lib/node_modules/wrangler/wrangler-dist/cli.js:165109:20
    at AsyncLocalStorage.run (node:async_hooks:346:14)
    at run (/usr/lib/node_modules/wrangler/wrangler-dist/cli.js:47923:61)
    at Object.handler (/usr/lib/node_modules/wrangler/wrangler-dist/cli.js:165091:13)
---

--- 2026-03-11T14:23:05.722Z debug
Metrics dispatcher: Posting data {"deviceId":"438f7a03-a6d1-4b71-8b1d-beb69a723d8a","event":"wrangler command errored","timestamp":1773238985722,"properties":{"amplitude_session_id":1773238985435,"amplitude_event_id":1,"wranglerVersion":"4.52.1","osPlatform":"Linux","osVersion":"#1 SMP PREEMPT_DYNAMIC Thu May 29 17:08:06 CST 2025","nodeVersion":20,"packageManager":"npm","isFirstUsage":false,"configFileType":"jsonc","isCI":false,"isPagesCI":false,"isWorkersCI":false,"isInteractive":false,"hasAssets":false,"argsUsed":[],"argsCombination":"","command":"wrangler deploy","args":{},"durationMs":341,"durationSeconds":0.341,"durationMinutes":0.005683333333333334,"errorType":"UserError","errorMessage":"It looks like you've run a Workers-specific command in a Pages project.\nFor Pages, please run `wrangler pages deploy` instead."}}
---
